ddokdy/build/outputs/logs/manifest-merger-debug-report.txt
-- Merging decision tree log ---
manifest
ADDED from src/main/AndroidManifest.xml:2:1-62:12
	package
		ADDED from src/main/AndroidManifest.xml:3:5-31
		INJECTED from src/main/AndroidManifest.xml
		INJECTED from src/main/AndroidManifest.xml
	android:versionName
		ADDED from src/main/AndroidManifest.xml:5:5-30
		INJECTED from src/main/AndroidManifest.xml
		INJECTED from src/main/AndroidManifest.xml
	android:versionCode
		ADDED from src/main/AndroidManifest.xml:4:5-28
		INJECTED from src/main/AndroidManifest.xml
		INJECTED from src/main/AndroidManifest.xml
	xmlns:android
		ADDED from src/main/AndroidManifest.xml:2:11-69
uses-sdk
ADDED from src/main/AndroidManifest.xml:7:5-9:41
MERGED from [Ddokdy_00:library:unspecified] AndroidManifest.xml:7:5-9:40
MERGED from [Ddokdy_00:scalableLayout:unspecified] AndroidManifest.xml:7:5-9:40
MERGED from [com.android.support:support-v4:23.4.0] AndroidManifest.xml:20:5-43
MERGED from [com.google.android.gms:play-services-appindexing:8.1.0] AndroidManifest.xml:18:5-42
MERGED from [com.google.android.gms:play-services-basement:8.1.0] AndroidManifest.xml:18:5-42
MERGED from [com.android.support:support-v4:23.4.0] AndroidManifest.xml:20:5-43
	android:targetSdkVersion
		ADDED from src/main/AndroidManifest.xml:9:9-38
		INJECTED from src/main/AndroidManifest.xml
		INJECTED from src/main/AndroidManifest.xml
	android:minSdkVersion
		ADDED from src/main/AndroidManifest.xml:8:9-35
		INJECTED from src/main/AndroidManifest.xml
		INJECTED from src/main/AndroidManifest.xml
uses-permission#android.permission.INTERNET
ADDED from src/main/AndroidManifest.xml:11:5-67
	android:name
		ADDED from src/main/AndroidManifest.xml:11:22-64
uses-permission#android.permission.WRITE_EXTERNAL_STORAGE
ADDED from src/main/AndroidManifest.xml:13:5-81
	android:name
		ADDED from src/main/AndroidManifest.xml:13:22-78
uses-permission#android.permission.READ_PHONE_STATE
ADDED from src/main/AndroidManifest.xml:14:5-75
	android:name
		ADDED from src/main/AndroidManifest.xml:14:22-72
uses-permission#android.permission.READ_EXTERNAL_STORAGE
ADDED from src/main/AndroidManifest.xml:15:5-80
	android:name
		ADDED from src/main/AndroidManifest.xml:15:22-77
application
ADDED from src/main/AndroidManifest.xml:17:5-60:19
MERGED from [Ddokdy_00:library:unspecified] AndroidManifest.xml:11:5-20
MERGED from [Ddokdy_00:scalableLayout:unspecified] AndroidManifest.xml:11:5-20
MERGED from [com.android.support:support-v4:23.4.0] AndroidManifest.xml:22:5-20
MERGED from [com.google.android.gms:play-services-appindexing:8.1.0] AndroidManifest.xml:19:5-20
MERGED from [com.google.android.gms:play-services-basement:8.1.0] AndroidManifest.xml:20:5-24:19
MERGED from [com.android.support:support-v4:23.4.0] AndroidManifest.xml:22:5-20
	android:label
		ADDED from src/main/AndroidManifest.xml:20:9-41
	android:allowBackup
		ADDED from src/main/AndroidManifest.xml:18:9-35
	android:icon
		ADDED from src/main/AndroidManifest.xml:19:9-45
	android:theme
		ADDED from src/main/AndroidManifest.xml:21:9-56
activity#com.study.ddokdy.SplashActivity
ADDED from src/main/AndroidManifest.xml:22:9-30:20
	android:label
		ADDED from src/main/AndroidManifest.xml:24:13-45
	android:name
		ADDED from src/main/AndroidManifest.xml:23:13-43
intent-filter#android.intent.action.MAIN+android.intent.category.LAUNCHER
ADDED from src/main/AndroidManifest.xml:25:13-29:29
action#android.intent.action.MAIN
ADDED from src/main/AndroidManifest.xml:26:17-69
	android:name
		ADDED from src/main/AndroidManifest.xml:26:25-66
category#android.intent.category.LAUNCHER
ADDED from src/main/AndroidManifest.xml:28:17-77
	android:name
		ADDED from src/main/AndroidManifest.xml:28:27-74
activity#com.study.ddokdy.LoginActivity
ADDED from src/main/AndroidManifest.xml:31:9-33:69
	android:label
		ADDED from src/main/AndroidManifest.xml:33:13-57
	android:name
		ADDED from src/main/AndroidManifest.xml:32:13-42
activity#com.study.ddokdy.MainActivity
ADDED from src/main/AndroidManifest.xml:34:9-36:68
	android:label
		ADDED from src/main/AndroidManifest.xml:36:13-56
	android:name
		ADDED from src/main/AndroidManifest.xml:35:13-41
activity#com.study.ddokdy.Register_Activity
ADDED from src/main/AndroidManifest.xml:37:9-40:20
	android:label
		ADDED from src/main/AndroidManifest.xml:39:13-60
	android:name
		ADDED from src/main/AndroidManifest.xml:38:13-46
activity#com.study.ddokdy.Setup_Activity
ADDED from src/main/AndroidManifest.xml:41:9-44:20
	android:label
		ADDED from src/main/AndroidManifest.xml:43:13-57
	android:name
		ADDED from src/main/AndroidManifest.xml:42:13-43
activity#com.nhn.android.naverlogin.ui.OAuthLoginActivity
ADDED from src/main/AndroidManifest.xml:45:9-47:75
	android:theme
		ADDED from src/main/AndroidManifest.xml:47:13-72
	android:name
		ADDED from src/main/AndroidManifest.xml:46:13-76
activity#com.nhn.android.naverlogin.ui.OAuthLoginInAppBrowserActivity
ADDED from src/main/AndroidManifest.xml:48:9-50:47
	android:label
		ADDED from src/main/AndroidManifest.xml:50:13-44
	android:name
		ADDED from src/main/AndroidManifest.xml:49:13-88
meta-data#com.google.android.gms.version
ADDED from src/main/AndroidManifest.xml:55:9-57:69
MERGED from [com.google.android.gms:play-services-basement:8.1.0] AndroidManifest.xml:21:9-23:69
	android:value
		ADDED from src/main/AndroidManifest.xml:57:13-66
	android:name
		ADDED from src/main/AndroidManifest.xml:56:13-58
activity#com.study.ddokdy.StudyMainActivity
ADDED from src/main/AndroidManifest.xml:59:9-64
	android:name
		ADDED from src/main/AndroidManifest.xml:59:19-52